<?xml version="1.0" encoding="UTF-8"?>
<testsuite xmlns:xsi="http://www.w3.org/2001/XMLSchema-instance" xsi:noNamespaceSchemaLocation="https://maven.apache.org/surefire/maven-surefire-plugin/xsd/surefire-test-report.xsd" name="kumomi.teleportstones.AppTest" time="0.032" tests="1" errors="0" skipped="0" failures="0">
  <properties>
    <property name="java.specification.version" value="16"/>
    <property name="sun.cpu.isalist" value="amd64"/>
    <property name="sun.jnu.encoding" value="Cp1252"/>
    <property name="java.class.path" value="c:\Users\Stefan\Desktop\TeleportStones\spigot-teleportstones\teleportstones\target\test-classes;c:\Users\Stefan\Desktop\TeleportStones\spigot-teleportstones\teleportstones\target\classes;C:\Users\Stefan\.m2\repository\junit\junit\4.11\junit-4.11.jar;C:\Users\Stefan\.m2\repository\org\hamcrest\hamcrest-core\1.3\hamcrest-core-1.3.jar;C:\Users\Stefan\.m2\repository\org\spigotmc\spigot-api\1.16.5-R0.1-SNAPSHOT\spigot-api-1.16.5-R0.1-SNAPSHOT.jar;C:\Users\Stefan\.m2\repository\commons-lang\commons-lang\2.6\commons-lang-2.6.jar;C:\Users\Stefan\.m2\repository\com\google\guava\guava\21.0\guava-21.0.jar;C:\Users\Stefan\.m2\repository\com\google\code\gson\gson\2.8.0\gson-2.8.0.jar;C:\Users\Stefan\.m2\repository\net\md-5\bungeecord-chat\1.16-R0.4\bungeecord-chat-1.16-R0.4.jar;C:\Users\Stefan\.m2\repository\org\yaml\snakeyaml\1.27\snakeyaml-1.27.jar;C:\Users\Stefan\.m2\repository\net\luckperms\api\5.3\api-5.3.jar;"/>
    <property name="java.vm.vendor" value="AdoptOpenJDK"/>
    <property name="sun.arch.data.model" value="64"/>
    <property name="user.variant" value=""/>
    <property name="java.vendor.url" value="https://adoptopenjdk.net/"/>
    <property name="user.timezone" value="Europe/Berlin"/>
    <property name="user.country.format" value="DE"/>
    <property name="os.name" value="Windows 10"/>
    <property name="java.vm.specification.version" value="16"/>
    <property name="sun.java.launcher" value="SUN_STANDARD"/>
    <property name="user.country" value="US"/>
    <property name="sun.boot.library.path" value="F:\Dev\Java\AdoptOpenJDK\jdk-16.0.1.9-hotspot\bin"/>
    <property name="sun.java.command" value="C:\Users\Stefan\AppData\Local\Temp\surefire1955542027250098990\surefirebooter14586901970702292399.jar C:\Users\Stefan\AppData\Local\Temp\surefire1955542027250098990 2021-07-03T17-23-43_585-jvmRun1 surefire14386103778675359680tmp surefire_01508757764345068810tmp"/>
    <property name="jdk.debug" value="release"/>
    <property name="surefire.test.class.path" value="c:\Users\Stefan\Desktop\TeleportStones\spigot-teleportstones\teleportstones\target\test-classes;c:\Users\Stefan\Desktop\TeleportStones\spigot-teleportstones\teleportstones\target\classes;C:\Users\Stefan\.m2\repository\junit\junit\4.11\junit-4.11.jar;C:\Users\Stefan\.m2\repository\org\hamcrest\hamcrest-core\1.3\hamcrest-core-1.3.jar;C:\Users\Stefan\.m2\repository\org\spigotmc\spigot-api\1.16.5-R0.1-SNAPSHOT\spigot-api-1.16.5-R0.1-SNAPSHOT.jar;C:\Users\Stefan\.m2\repository\commons-lang\commons-lang\2.6\commons-lang-2.6.jar;C:\Users\Stefan\.m2\repository\com\google\guava\guava\21.0\guava-21.0.jar;C:\Users\Stefan\.m2\repository\com\google\code\gson\gson\2.8.0\gson-2.8.0.jar;C:\Users\Stefan\.m2\repository\net\md-5\bungeecord-chat\1.16-R0.4\bungeecord-chat-1.16-R0.4.jar;C:\Users\Stefan\.m2\repository\org\yaml\snakeyaml\1.27\snakeyaml-1.27.jar;C:\Users\Stefan\.m2\repository\net\luckperms\api\5.3\api-5.3.jar;"/>
    <property name="sun.cpu.endian" value="little"/>
    <property name="user.home" value="C:\Users\Stefan"/>
    <property name="user.language" value="en"/>
    <property name="java.specification.vendor" value="Oracle Corporation"/>
    <property name="java.version.date" value="2021-04-20"/>
    <property name="java.home" value="F:\Dev\Java\AdoptOpenJDK\jdk-16.0.1.9-hotspot"/>
    <property name="file.separator" value="\"/>
    <property name="basedir" value="c:\Users\Stefan\Desktop\TeleportStones\spigot-teleportstones\teleportstones"/>
    <property name="java.vm.compressedOopsMode" value="Zero based"/>
    <property name="line.separator" value="&#10;"/>
    <property name="java.vm.specification.vendor" value="Oracle Corporation"/>
    <property name="java.specification.name" value="Java Platform API Specification"/>
    <property name="surefire.real.class.path" value="C:\Users\Stefan\AppData\Local\Temp\surefire1955542027250098990\surefirebooter14586901970702292399.jar"/>
    <property name="user.script" value=""/>
    <property name="sun.management.compiler" value="HotSpot 64-Bit Tiered Compilers"/>
    <property name="java.runtime.version" value="16.0.1+9"/>
    <property name="user.name" value="Stefan"/>
    <property name="path.separator" value=";"/>
    <property name="os.version" value="10.0"/>
    <property name="java.runtime.name" value="OpenJDK Runtime Environment"/>
    <property name="file.encoding" value="UTF-8"/>
    <property name="java.vm.name" value="OpenJDK 64-Bit Server VM"/>
    <property name="java.vendor.version" value="AdoptOpenJDK-16.0.1+9"/>
    <property name="localRepository" value="C:\Users\Stefan\.m2\repository"/>
    <property name="java.vendor.url.bug" value="https://github.com/AdoptOpenJDK/openjdk-support/issues"/>
    <property name="java.io.tmpdir" value="C:\Users\Stefan\AppData\Local\Temp\"/>
    <property name="java.version" value="16.0.1"/>
    <property name="user.dir" value="c:\Users\Stefan\Desktop\TeleportStones\spigot-teleportstones\teleportstones"/>
    <property name="os.arch" value="amd64"/>
    <property name="java.vm.specification.name" value="Java Virtual Machine Specification"/>
    <property name="sun.os.patch.level" value=""/>
    <property name="java.library.path" value="F:\Dev\Java\AdoptOpenJDK\jdk-16.0.1.9-hotspot\bin;C:\Windows\Sun\Java\bin;C:\Windows\system32;C:\Windows;F:\Dev\Java\AdoptOpenJDK\jdk-16.0.1.9-hotspot\bin;F:\Dev\Java\AdoptOpenJDK\jdk-11.0.11.9-hotspot\bin;C:\Windows\system32;C:\Windows;C:\Windows\System32\Wbem;C:\Windows\System32\WindowsPowerShell\v1.0\;C:\Windows\System32\OpenSSH\;C:\Program Files (x86)\NVIDIA Corporation\PhysX\Common;C:\Program Files\NVIDIA Corporation\NVIDIA NvDLISR;F:\Apps\Putty\;F:\Dev\Git\cmd;F:\Dev\StrawberryPerl\c\bin;F:\Dev\StrawberryPerl\perl\site\bin;F:\Dev\StrawberryPerl\perl\bin;F:\Dev\apache-maven-3.6.3\bin;F:\Dev\nodejs\;C:\Users\Stefan\AppData\Local\Microsoft\WindowsApps;F:\Dev\Microsoft VS Code\bin;F:\Dev\MiKTeX\miktex\bin\x64\;C:\Users\Stefan\AppData\Roaming\npm;."/>
    <property name="java.vm.info" value="mixed mode, sharing"/>
    <property name="java.vendor" value="AdoptOpenJDK"/>
    <property name="java.vm.version" value="16.0.1+9"/>
    <property name="sun.io.unicode.encoding" value="UnicodeLittle"/>
    <property name="java.class.version" value="60.0"/>
  </properties>
  <testcase name="shouldAnswerWithTrue" classname="kumomi.teleportstones.AppTest" time="0.002"/>
</testsuite>